{"/Users/tylerhart/Desktop/projects/Lexic/lexic-backend/models/user-services.js": {"path":"/Users/tylerhart/Desktop/projects/Lexic/lexic-backend/models/user-services.js","statementMap":{"0":{"start":{"line":1,"column":17},"end":{"line":1,"column":36}},"1":{"start":{"line":2,"column":18},"end":{"line":2,"column":35}},"2":{"start":{"line":3,"column":15},"end":{"line":3,"column":32}},"3":{"start":{"line":5,"column":0},"end":{"line":5,"column":16}},"4":{"start":{"line":10,"column":0},"end":{"line":25,"column":4}},"5":{"start":{"line":30,"column":2},"end":{"line":34,"column":3}},"6":{"start":{"line":31,"column":4},"end":{"line":31,"column":36}},"7":{"start":{"line":33,"column":4},"end":{"line":33,"column":48}},"8":{"start":{"line":35,"column":2},"end":{"line":35,"column":16}},"9":{"start":{"line":39,"column":4},"end":{"line":39,"column":40}},"10":{"start":{"line":43,"column":2},"end":{"line":47,"column":3}},"11":{"start":{"line":50,"column":22},"end":{"line":50,"column":41}},"12":{"start":{"line":54,"column":4},"end":{"line":54,"column":30}},"13":{"start":{"line":55,"column":4},"end":{"line":55,"column":24}},"14":{"start":{"line":56,"column":4},"end":{"line":56,"column":26}},"15":{"start":{"line":57,"column":4},"end":{"line":57,"column":23}},"16":{"start":{"line":58,"column":4},"end":{"line":58,"column":25}},"17":{"start":{"line":59,"column":4},"end":{"line":59,"column":29}},"18":{"start":{"line":60,"column":22},"end":{"line":60,"column":44}},"19":{"start":{"line":61,"column":4},"end":{"line":61,"column":21}},"20":{"start":{"line":69,"column":2},"end":{"line":69,"column":54}},"21":{"start":{"line":74,"column":2},"end":{"line":74,"column":47}},"22":{"start":{"line":78,"column":2},"end":{"line":78,"column":46}},"23":{"start":{"line":83,"column":2},"end":{"line":83,"column":79}},"24":{"start":{"line":87,"column":15},"end":{"line":87,"column":59}},"25":{"start":{"line":88,"column":19},"end":{"line":88,"column":40}},"26":{"start":{"line":89,"column":2},"end":{"line":89,"column":82}},"27":{"start":{"line":94,"column":16},"end":{"line":94,"column":18}},"28":{"start":{"line":95,"column":15},"end":{"line":95,"column":39}},"29":{"start":{"line":97,"column":17},"end":{"line":97,"column":27}},"30":{"start":{"line":98,"column":16},"end":{"line":98,"column":25}},"31":{"start":{"line":99,"column":18},"end":{"line":99,"column":29}},"32":{"start":{"line":100,"column":2},"end":{"line":109,"column":3}},"33":{"start":{"line":102,"column":4},"end":{"line":102,"column":22}},"34":{"start":{"line":103,"column":4},"end":{"line":103,"column":14}},"35":{"start":{"line":107,"column":4},"end":{"line":107,"column":22}},"36":{"start":{"line":108,"column":4},"end":{"line":108,"column":16}},"37":{"start":{"line":110,"column":2},"end":{"line":110,"column":66}},"38":{"start":{"line":111,"column":2},"end":{"line":111,"column":63}},"39":{"start":{"line":112,"column":2},"end":{"line":112,"column":67}},"40":{"start":{"line":113,"column":2},"end":{"line":113,"column":47}},"41":{"start":{"line":115,"column":0},"end":{"line":115,"column":28}},"42":{"start":{"line":116,"column":0},"end":{"line":116,"column":36}},"43":{"start":{"line":117,"column":0},"end":{"line":117,"column":32}},"44":{"start":{"line":118,"column":0},"end":{"line":118,"column":48}},"45":{"start":{"line":119,"column":0},"end":{"line":119,"column":38}},"46":{"start":{"line":120,"column":0},"end":{"line":120,"column":32}},"47":{"start":{"line":121,"column":0},"end":{"line":121,"column":34}},"48":{"start":{"line":122,"column":0},"end":{"line":122,"column":28}},"49":{"start":{"line":123,"column":0},"end":{"line":123,"column":18}}},"fnMap":{"0":{"name":"getUsers","decl":{"start":{"line":28,"column":15},"end":{"line":28,"column":23}},"loc":{"start":{"line":28,"column":34},"end":{"line":36,"column":1}},"line":28},"1":{"name":"findUserById","decl":{"start":{"line":38,"column":15},"end":{"line":38,"column":27}},"loc":{"start":{"line":38,"column":32},"end":{"line":40,"column":1}},"line":38},"2":{"name":"createUser","decl":{"start":{"line":42,"column":15},"end":{"line":42,"column":25}},"loc":{"start":{"line":42,"column":37},"end":{"line":66,"column":1}},"line":42},"3":{"name":"findUserByUsername","decl":{"start":{"line":68,"column":15},"end":{"line":68,"column":33}},"loc":{"start":{"line":68,"column":44},"end":{"line":70,"column":1}},"line":68},"4":{"name":"findUserByUid","decl":{"start":{"line":73,"column":15},"end":{"line":73,"column":28}},"loc":{"start":{"line":73,"column":34},"end":{"line":75,"column":1}},"line":73},"5":{"name":"deleteUser","decl":{"start":{"line":77,"column":15},"end":{"line":77,"column":25}},"loc":{"start":{"line":77,"column":30},"end":{"line":80,"column":1}},"line":77},"6":{"name":"setCoins","decl":{"start":{"line":82,"column":15},"end":{"line":82,"column":23}},"loc":{"start":{"line":82,"column":40},"end":{"line":84,"column":1}},"line":82},"7":{"name":"updateCoins","decl":{"start":{"line":86,"column":15},"end":{"line":86,"column":26}},"loc":{"start":{"line":86,"column":43},"end":{"line":90,"column":1}},"line":86},"8":{"name":"win","decl":{"start":{"line":93,"column":15},"end":{"line":93,"column":18}},"loc":{"start":{"line":93,"column":29},"end":{"line":114,"column":1}},"line":93}},"branchMap":{"0":{"loc":{"start":{"line":30,"column":2},"end":{"line":34,"column":3}},"type":"if","locations":[{"start":{"line":30,"column":2},"end":{"line":34,"column":3}},{"start":{"line":32,"column":9},"end":{"line":34,"column":3}}],"line":30},"1":{"loc":{"start":{"line":100,"column":2},"end":{"line":109,"column":3}},"type":"if","locations":[{"start":{"line":100,"column":2},"end":{"line":109,"column":3}},{"start":{"line":106,"column":2},"end":{"line":109,"column":3}}],"line":100}},"s":{"0":1,"1":1,"2":1,"3":1,"4":1,"5":2,"6":1,"7":1,"8":2,"9":1,"10":1,"11":1,"12":1,"13":1,"14":1,"15":1,"16":1,"17":1,"18":1,"19":1,"20":3,"21":5,"22":1,"23":1,"24":1,"25":1,"26":1,"27":2,"28":2,"29":2,"30":2,"31":2,"32":2,"33":1,"34":1,"35":1,"36":1,"37":2,"38":2,"39":2,"40":2,"41":1,"42":1,"43":1,"44":1,"45":1,"46":1,"47":1,"48":1,"49":1},"f":{"0":2,"1":1,"2":1,"3":3,"4":5,"5":1,"6":1,"7":1,"8":2},"b":{"0":[1,1],"1":[1,1]},"_coverageSchema":"1a1c01bbd47fc00a2c39e90264f33305004495a9","hash":"8b5ffc04abc33e9769d68fa4847b89982e97308e"}
,"/Users/tylerhart/Desktop/projects/Lexic/lexic-backend/models/user.js": {"path":"/Users/tylerhart/Desktop/projects/Lexic/lexic-backend/models/user.js","statementMap":{"0":{"start":{"line":1,"column":17},"end":{"line":1,"column":36}},"1":{"start":{"line":3,"column":19},"end":{"line":37,"column":28}},"2":{"start":{"line":40,"column":2},"end":{"line":42,"column":4}},"3":{"start":{"line":41,"column":4},"end":{"line":41,"column":49}},"4":{"start":{"line":43,"column":13},"end":{"line":43,"column":47}},"5":{"start":{"line":47,"column":0},"end":{"line":47,"column":22}}},"fnMap":{"0":{"name":"(anonymous_0)","decl":{"start":{"line":40,"column":40},"end":{"line":40,"column":41}},"loc":{"start":{"line":40,"column":59},"end":{"line":42,"column":3}},"line":40}},"branchMap":{},"s":{"0":1,"1":1,"2":1,"3":1,"4":1,"5":1},"f":{"0":1},"b":{},"_coverageSchema":"1a1c01bbd47fc00a2c39e90264f33305004495a9","hash":"164b1e1ef4d1bf3256c8294ecc2a8f7d9cada9ea"}
}
