TN:
SF:models/user-services.js
FN:28,getUsers
FN:38,findUserById
FN:42,createUser
FN:68,findUserByUsername
FN:73,findUserByUid
FN:77,deleteUser
FN:82,setCoins
FN:86,updateCoins
FN:93,win
FNF:9
FNH:9
FNDA:2,getUsers
FNDA:1,findUserById
FNDA:1,createUser
FNDA:3,findUserByUsername
FNDA:5,findUserByUid
FNDA:1,deleteUser
FNDA:1,setCoins
FNDA:1,updateCoins
FNDA:2,win
DA:1,1
DA:2,1
DA:3,1
DA:5,1
DA:10,1
DA:30,2
DA:31,1
DA:33,1
DA:35,2
DA:39,1
DA:43,1
DA:50,1
DA:54,1
DA:55,1
DA:56,1
DA:57,1
DA:58,1
DA:59,1
DA:60,1
DA:61,1
DA:69,3
DA:74,5
DA:78,1
DA:83,1
DA:87,1
DA:88,1
DA:89,1
DA:94,2
DA:95,2
DA:97,2
DA:98,2
DA:99,2
DA:100,2
DA:102,1
DA:103,1
DA:107,1
DA:108,1
DA:110,2
DA:111,2
DA:112,2
DA:113,2
DA:115,1
DA:116,1
DA:117,1
DA:118,1
DA:119,1
DA:120,1
DA:121,1
DA:122,1
DA:123,1
LF:50
LH:50
BRDA:30,0,0,1
BRDA:30,0,1,1
BRDA:100,1,0,1
BRDA:100,1,1,1
BRF:4
BRH:4
end_of_record
TN:
SF:models/user.js
FN:40,(anonymous_0)
FNF:1
FNH:1
FNDA:1,(anonymous_0)
DA:1,1
DA:3,1
DA:40,1
DA:41,1
DA:43,1
DA:47,1
LF:6
LH:6
BRF:0
BRH:0
end_of_record
